c:\npoint\apps\NatNet\NatNetSDK\Samples\\bin\UnitySample.exe
C:\NPOINT\APPS\NATNET\NATNETSDK\SAMPLES\BIN\UNITYSAMPLE.EXE
c:\npoint\apps\NatNet\NatNetSDK\Samples\bin\UnitySample.exp
c:\npoint\apps\NatNet\NatNetSDK\Samples\bin\UnitySample.lib
c:\npoint\apps\NatNet\NatNetSDK\Samples\Unity3D\Release\cl.command.1.tlog
c:\npoint\apps\NatNet\NatNetSDK\Samples\Unity3D\Release\CL.read.1.tlog
c:\npoint\apps\NatNet\NatNetSDK\Samples\Unity3D\Release\CL.write.1.tlog
c:\npoint\apps\NatNet\NatNetSDK\Samples\Unity3D\Release\link.command.1.tlog
c:\npoint\apps\NatNet\NatNetSDK\Samples\Unity3D\Release\link.read.1.tlog
c:\npoint\apps\NatNet\NatNetSDK\Samples\Unity3D\Release\link.write.1.tlog
c:\npoint\apps\NatNet\NatNetSDK\Samples\Unity3D\Release\mt.command.1.tlog
c:\npoint\apps\NatNet\NatNetSDK\Samples\Unity3D\Release\mt.read.1.tlog
c:\npoint\apps\NatNet\NatNetSDK\Samples\Unity3D\Release\mt.write.1.tlog
C:\NPOINT\APPS\NATNET\NATNETSDK\SAMPLES\UNITY3D\RELEASE\TINYSTR.OBJ
C:\NPOINT\APPS\NATNET\NATNETSDK\SAMPLES\UNITY3D\RELEASE\TINYXML.OBJ
C:\NPOINT\APPS\NATNET\NATNETSDK\SAMPLES\UNITY3D\RELEASE\TINYXMLERROR.OBJ
C:\NPOINT\APPS\NATNET\NATNETSDK\SAMPLES\UNITY3D\RELEASE\TINYXMLPARSER.OBJ
C:\NPOINT\APPS\NATNET\NATNETSDK\SAMPLES\UNITY3D\RELEASE\UNITYSAMPLE.EXE.INTERMEDIATE.MANIFEST
C:\NPOINT\APPS\NATNET\NATNETSDK\SAMPLES\UNITY3D\RELEASE\UNITYSAMPLE.OBJ
c:\npoint\apps\NatNet\NatNetSDK\Samples\Unity3D\Release\UnitySample.write.1.tlog
C:\NPOINT\APPS\NATNET\NATNETSDK\SAMPLES\UNITY3D\RELEASE\VC100.PDB
